[2019-07-17 09:16:31.576] [renderer1] [error] Error: [File Watcher (node.js)] Error: ENOENT: no such file or directory, stat '/home/nikol/Desktop/signage/.vscode'
[2019-07-17 09:16:31.576] [renderer1] [error] [File Watcher (node.js)] Error: ENOENT: no such file or directory, stat '/home/nikol/Desktop/signage/.vscode'
[2019-07-17 09:33:27.062] [renderer1] [error] <main> TypeScript Server Error (3.5.2)
Cannot read property 'emitNode' of undefined
TypeError: Cannot read property 'emitNode' of undefined
    at Object.getCommentRange (tsserver.js:64119:29)
    at emitNodeList (tsserver.js:87243:51)
    at emitList (tsserver.js:87122:13)
    at Object.writeList (tsserver.js:84565:13)
    at tsserver.js:108005:29
    at Object.mapToDisplayParts (tsserver.js:97541:13)
    at itemInfoForParameters (tsserver.js:108002:41)
    at getSignatureHelpItem (tsserver.js:107968:95)
    at tsserver.js:107941:79
    at Array.map (<anonymous>)
    at createSignatureHelpItems (tsserver.js:107941:36)
    at tsserver.js:107533:23
    at Object.runWithCancellationToken (tsserver.js:31649:28)
    at Object.getSignatureHelpItems (tsserver.js:107531:32)
    at Object.getSignatureHelpItems (tsserver.js:122260:37)
    at IOSession.Session.getSignatureHelpItems (tsserver.js:131218:62)
    at Session.handlers.ts.createMapFromTemplate._a.(anonymous function) (tsserver.js:130118:61)
    at tsserver.js:131665:88
    at IOSession.Session.executeWithRequestId (tsserver.js:131656:28)
    at IOSession.Session.executeCommand (tsserver.js:131665:33)
    at IOSession.Session.onMessage (tsserver.js:131687:35)
    at Interface.<anonymous> (tsserver.js:132978:27)
    at Interface.emit (events.js:182:13)
    at Interface._onLine (readline.js:290:10)
    at Interface._normalWrite (readline.js:433:12)
    at Socket.ondata (readline.js:149:10)
    at Socket.emit (events.js:182:13)
    at addChunk (_stream_readable.js:283:12)
    at readableAddChunk (_stream_readable.js:264:11)
    at Socket.Readable.push (_stream_readable.js:219:10)
    at Pipe.onStreamRead [as onread] (internal/stream_base_commons.js:94:17): Error: <main> TypeScript Server Error (3.5.2)
Cannot read property 'emitNode' of undefined
TypeError: Cannot read property 'emitNode' of undefined
    at Object.getCommentRange (tsserver.js:64119:29)
    at emitNodeList (tsserver.js:87243:51)
    at emitList (tsserver.js:87122:13)
    at Object.writeList (tsserver.js:84565:13)
    at tsserver.js:108005:29
    at Object.mapToDisplayParts (tsserver.js:97541:13)
    at itemInfoForParameters (tsserver.js:108002:41)
    at getSignatureHelpItem (tsserver.js:107968:95)
    at tsserver.js:107941:79
    at Array.map (<anonymous>)
    at createSignatureHelpItems (tsserver.js:107941:36)
    at tsserver.js:107533:23
    at Object.runWithCancellationToken (tsserver.js:31649:28)
    at Object.getSignatureHelpItems (tsserver.js:107531:32)
    at Object.getSignatureHelpItems (tsserver.js:122260:37)
    at IOSession.Session.getSignatureHelpItems (tsserver.js:131218:62)
    at Session.handlers.ts.createMapFromTemplate._a.(anonymous function) (tsserver.js:130118:61)
    at tsserver.js:131665:88
    at IOSession.Session.executeWithRequestId (tsserver.js:131656:28)
    at IOSession.Session.executeCommand (tsserver.js:131665:33)
    at IOSession.Session.onMessage (tsserver.js:131687:35)
    at Interface.<anonymous> (tsserver.js:132978:27)
    at Interface.emit (events.js:182:13)
    at Interface._onLine (readline.js:290:10)
    at Interface._normalWrite (readline.js:433:12)
    at Socket.ondata (readline.js:149:10)
    at Socket.emit (events.js:182:13)
    at addChunk (_stream_readable.js:283:12)
    at readableAddChunk (_stream_readable.js:264:11)
    at Socket.Readable.push (_stream_readable.js:219:10)
    at Pipe.onStreamRead [as onread] (internal/stream_base_commons.js:94:17)
	at Function.create (/usr/share/code/resources/app/extensions/typescript-language-features/dist/extension.js:53:63436)
	at h.dispatchResponse (/usr/share/code/resources/app/extensions/typescript-language-features/dist/extension.js:53:56618)
	at h.dispatchMessage (/usr/share/code/resources/app/extensions/typescript-language-features/dist/extension.js:53:55516)
	at constructor._reader.onData.e (/usr/share/code/resources/app/extensions/typescript-language-features/dist/extension.js:53:54992)
	at u.fire (/usr/share/code/resources/app/out/vs/workbench/services/extensions/node/extensionHostProcess.js:48:468)
	at t.Reader.onLengthData (/usr/share/code/resources/app/extensions/typescript-language-features/dist/extension.js:53:61656)
	at Socket.t.Reader.constructor.e.on.e (/usr/share/code/resources/app/extensions/typescript-language-features/dist/extension.js:53:61304)
	at Socket.emit (events.js:182:13)
	at addChunk (_stream_readable.js:283:12)
	at readableAddChunk (_stream_readable.js:264:11)
	at Socket.Readable.push (_stream_readable.js:219:10)
	at Pipe.onStreamRead [as onread] (internal/stream_base_commons.js:94:17)
[2019-07-17 09:33:37.800] [renderer1] [error] <main> TypeScript Server Error (3.5.2)
Cannot read property 'emitNode' of undefined
TypeError: Cannot read property 'emitNode' of undefined
    at Object.getCommentRange (tsserver.js:64119:29)
    at emitNodeList (tsserver.js:87243:51)
    at emitList (tsserver.js:87122:13)
    at Object.writeList (tsserver.js:84565:13)
    at tsserver.js:108005:29
    at Object.mapToDisplayParts (tsserver.js:97541:13)
    at itemInfoForParameters (tsserver.js:108002:41)
    at getSignatureHelpItem (tsserver.js:107968:95)
    at tsserver.js:107941:79
    at Array.map (<anonymous>)
    at createSignatureHelpItems (tsserver.js:107941:36)
    at tsserver.js:107533:23
    at Object.runWithCancellationToken (tsserver.js:31649:28)
    at Object.getSignatureHelpItems (tsserver.js:107531:32)
    at Object.getSignatureHelpItems (tsserver.js:122260:37)
    at IOSession.Session.getSignatureHelpItems (tsserver.js:131218:62)
    at Session.handlers.ts.createMapFromTemplate._a.(anonymous function) (tsserver.js:130118:61)
    at tsserver.js:131665:88
    at IOSession.Session.executeWithRequestId (tsserver.js:131656:28)
    at IOSession.Session.executeCommand (tsserver.js:131665:33)
    at IOSession.Session.onMessage (tsserver.js:131687:35)
    at Interface.<anonymous> (tsserver.js:132978:27)
    at Interface.emit (events.js:182:13)
    at Interface._onLine (readline.js:290:10)
    at Interface._normalWrite (readline.js:433:12)
    at Socket.ondata (readline.js:149:10)
    at Socket.emit (events.js:182:13)
    at addChunk (_stream_readable.js:283:12)
    at readableAddChunk (_stream_readable.js:264:11)
    at Socket.Readable.push (_stream_readable.js:219:10)
    at Pipe.onStreamRead [as onread] (internal/stream_base_commons.js:94:17): Error: <main> TypeScript Server Error (3.5.2)
Cannot read property 'emitNode' of undefined
TypeError: Cannot read property 'emitNode' of undefined
    at Object.getCommentRange (tsserver.js:64119:29)
    at emitNodeList (tsserver.js:87243:51)
    at emitList (tsserver.js:87122:13)
    at Object.writeList (tsserver.js:84565:13)
    at tsserver.js:108005:29
    at Object.mapToDisplayParts (tsserver.js:97541:13)
    at itemInfoForParameters (tsserver.js:108002:41)
    at getSignatureHelpItem (tsserver.js:107968:95)
    at tsserver.js:107941:79
    at Array.map (<anonymous>)
    at createSignatureHelpItems (tsserver.js:107941:36)
    at tsserver.js:107533:23
    at Object.runWithCancellationToken (tsserver.js:31649:28)
    at Object.getSignatureHelpItems (tsserver.js:107531:32)
    at Object.getSignatureHelpItems (tsserver.js:122260:37)
    at IOSession.Session.getSignatureHelpItems (tsserver.js:131218:62)
    at Session.handlers.ts.createMapFromTemplate._a.(anonymous function) (tsserver.js:130118:61)
    at tsserver.js:131665:88
    at IOSession.Session.executeWithRequestId (tsserver.js:131656:28)
    at IOSession.Session.executeCommand (tsserver.js:131665:33)
    at IOSession.Session.onMessage (tsserver.js:131687:35)
    at Interface.<anonymous> (tsserver.js:132978:27)
    at Interface.emit (events.js:182:13)
    at Interface._onLine (readline.js:290:10)
    at Interface._normalWrite (readline.js:433:12)
    at Socket.ondata (readline.js:149:10)
    at Socket.emit (events.js:182:13)
    at addChunk (_stream_readable.js:283:12)
    at readableAddChunk (_stream_readable.js:264:11)
    at Socket.Readable.push (_stream_readable.js:219:10)
    at Pipe.onStreamRead [as onread] (internal/stream_base_commons.js:94:17)
	at Function.create (/usr/share/code/resources/app/extensions/typescript-language-features/dist/extension.js:53:63436)
	at h.dispatchResponse (/usr/share/code/resources/app/extensions/typescript-language-features/dist/extension.js:53:56618)
	at h.dispatchMessage (/usr/share/code/resources/app/extensions/typescript-language-features/dist/extension.js:53:55516)
	at constructor._reader.onData.e (/usr/share/code/resources/app/extensions/typescript-language-features/dist/extension.js:53:54992)
	at u.fire (/usr/share/code/resources/app/out/vs/workbench/services/extensions/node/extensionHostProcess.js:48:468)
	at t.Reader.onLengthData (/usr/share/code/resources/app/extensions/typescript-language-features/dist/extension.js:53:61656)
	at Socket.t.Reader.constructor.e.on.e (/usr/share/code/resources/app/extensions/typescript-language-features/dist/extension.js:53:61304)
	at Socket.emit (events.js:182:13)
	at addChunk (_stream_readable.js:283:12)
	at readableAddChunk (_stream_readable.js:264:11)
	at Socket.Readable.push (_stream_readable.js:219:10)
	at Pipe.onStreamRead [as onread] (internal/stream_base_commons.js:94:17)
[2019-07-17 09:40:52.715] [renderer1] [error] Error: [File Watcher (chockidar)] Inotify limit reached (ENOSPC)
[2019-07-17 09:40:52.724] [renderer1] [error] [File Watcher (chockidar)] Inotify limit reached (ENOSPC)
