[2019-07-17 08:59:38.379] [exthost] [info] extension host started
[2019-07-17 08:59:38.400] [exthost] [info] ExtensionService#_doActivateExtension vscode.debug-auto-launch {"startup":true,"activationEvent":"*"}
[2019-07-17 08:59:38.400] [exthost] [info] ExtensionService#loadCommonJSModule /usr/share/code/resources/app/extensions/debug-auto-launch/dist/extension
[2019-07-17 08:59:38.402] [exthost] [info] ExtensionService#_doActivateExtension vscode.emmet {"startup":true,"activationEvent":"*"}
[2019-07-17 08:59:38.402] [exthost] [info] ExtensionService#loadCommonJSModule /usr/share/code/resources/app/extensions/emmet/dist/extension
[2019-07-17 08:59:38.415] [exthost] [info] ExtensionService#_doActivateExtension vscode.git {"startup":true,"activationEvent":"*"}
[2019-07-17 08:59:38.415] [exthost] [info] ExtensionService#loadCommonJSModule /usr/share/code/resources/app/extensions/git/dist/main
[2019-07-17 08:59:38.480] [exthost] [info] ExtensionService#_doActivateExtension vscode.merge-conflict {"startup":true,"activationEvent":"*"}
[2019-07-17 08:59:38.480] [exthost] [info] ExtensionService#loadCommonJSModule /usr/share/code/resources/app/extensions/merge-conflict/dist/extension
[2019-07-17 08:59:38.483] [exthost] [info] ExtensionService#_doActivateExtension peakchen90.vue-beautify {"startup":true,"activationEvent":"*"}
[2019-07-17 08:59:38.483] [exthost] [info] ExtensionService#loadCommonJSModule /home/nikol/.vscode/extensions/peakchen90.vue-beautify-2.0.4/extension
[2019-07-17 08:59:38.492] [exthost] [info] eager extensions activated
[2019-07-17 09:00:04.739] [exthost] [info] extension host started
[2019-07-17 09:00:04.743] [exthost] [info] ExtensionService#_doActivateExtension vscode.debug-auto-launch {"startup":true,"activationEvent":"*"}
[2019-07-17 09:00:04.743] [exthost] [info] ExtensionService#loadCommonJSModule /usr/share/code/resources/app/extensions/debug-auto-launch/dist/extension
[2019-07-17 09:00:04.746] [exthost] [info] ExtensionService#_doActivateExtension vscode.emmet {"startup":true,"activationEvent":"*"}
[2019-07-17 09:00:04.746] [exthost] [info] ExtensionService#loadCommonJSModule /usr/share/code/resources/app/extensions/emmet/dist/extension
[2019-07-17 09:00:04.758] [exthost] [info] ExtensionService#_doActivateExtension vscode.git {"startup":true,"activationEvent":"*"}
[2019-07-17 09:00:04.758] [exthost] [info] ExtensionService#loadCommonJSModule /usr/share/code/resources/app/extensions/git/dist/main
[2019-07-17 09:00:04.816] [exthost] [info] ExtensionService#_doActivateExtension vscode.merge-conflict {"startup":true,"activationEvent":"*"}
[2019-07-17 09:00:04.816] [exthost] [info] ExtensionService#loadCommonJSModule /usr/share/code/resources/app/extensions/merge-conflict/dist/extension
[2019-07-17 09:00:04.819] [exthost] [info] ExtensionService#_doActivateExtension peakchen90.vue-beautify {"startup":true,"activationEvent":"*"}
[2019-07-17 09:00:04.819] [exthost] [info] ExtensionService#loadCommonJSModule /home/nikol/.vscode/extensions/peakchen90.vue-beautify-2.0.4/extension
[2019-07-17 09:00:04.828] [exthost] [info] eager extensions activated
[2019-07-17 09:00:15.401] [exthost] [info] ExtensionService#_doActivateExtension octref.vetur {"startup":false,"activationEvent":"onLanguage:vue"}
[2019-07-17 09:00:15.401] [exthost] [info] ExtensionService#loadCommonJSModule /home/nikol/.vscode/extensions/octref.vetur-0.21.1/dist/client/vueMain
[2019-07-17 09:00:22.262] [exthost] [info] ExtensionService#_doActivateExtension vscode.typescript-language-features {"startup":false,"activationEvent":"onLanguage:javascript"}
[2019-07-17 09:00:22.262] [exthost] [info] ExtensionService#loadCommonJSModule /usr/share/code/resources/app/extensions/typescript-language-features/dist/extension
